<?xml version="1.0" encoding="UTF-8"?>
<testng-results skipped="0" failed="0" ignored="0" total="1" passed="1">
  <reporter-output>
  </reporter-output>
  <suite name="Default suite" duration-ms="8205" started-at="2018-08-03T17:29:33Z" finished-at="2018-08-03T17:29:41Z">
    <groups>
    </groups>
    <test name="Default test" duration-ms="8205" started-at="2018-08-03T17:29:33Z" finished-at="2018-08-03T17:29:41Z">
      <class name="facebook.facebook">
        <test-method status="PASS" signature="facebook1()[pri:0, instance:facebook.facebook@25b2fe]" name="facebook1" duration-ms="8181" started-at="2018-08-03T17:29:33Z" finished-at="2018-08-03T17:29:41Z">
          <reporter-output>
          </reporter-output>
        </test-method> <!-- facebook1 -->
      </class> <!-- facebook.facebook -->
    </test> <!-- Default test -->
  </suite> <!-- Default suite -->
</testng-results>
